<?xml version="1.0" encoding="UTF-8"?>
<!-- Generated by org.testng.reporters.JUnitXMLReporter -->
<testsuite ignored="0" hostname="LAPTOP-2C4R6845" failures="0" tests="3" name="Test2" time="20.765" errors="0" timestamp="2024-07-15T15:22:25 IST">
  <testcase classname="BachExcution.instagram" name="insta" time="4.548"/>
  <testcase classname="BachExcution.facebookUrl" name="facebook" time="8.609"/>
  <testcase classname="BachExcution.snapchat" name="snapechat" time="7.565"/>
</testsuite> <!-- Test2 -->
