<?xml version="1.0" encoding="UTF-8"?>
<!-- Generated by org.testng.reporters.JUnitXMLReporter -->
<testsuite ignored="0" hostname="LAPTOP-2C4R6845" failures="0" tests="3" name="Test1" time="26.284" errors="0" timestamp="2024-07-15T15:22:30 IST">
  <testcase classname="BachExcution.JavaBik" name="javabik" time="9.51"/>
  <testcase classname="BachExcution.R16" name="r15" time="7.301"/>
  <testcase classname="BachExcution.royalEnfield" name="royalEnfieldd" time="9.436"/>
</testsuite> <!-- Test1 -->
